0 info it worked if it ends with ok
1 verbose cli [ 'C:\\Program Files\\nodejs\\\\node.exe',
1 verbose cli   'C:\\Program Files\\nodejs\\node_modules\\npm\\bin\\npm-cli.js',
1 verbose cli   'install',
1 verbose cli   '--save-dev',
1 verbose cli   'gulp-jshin' ]
2 info using npm@1.4.28
3 info using node@v0.10.33
4 verbose node symlink C:\Program Files\nodejs\\node.exe
5 warn package.json ebook-frontend-project@0.0.1 No README data
6 verbose readDependencies using package.json deps
7 verbose cache add [ 'gulp-jshin', null ]
8 verbose cache add name=undefined spec="gulp-jshin" args=["gulp-jshin",null]
9 verbose parsed url { protocol: null,
9 verbose parsed url   slashes: null,
9 verbose parsed url   auth: null,
9 verbose parsed url   host: null,
9 verbose parsed url   port: null,
9 verbose parsed url   hostname: null,
9 verbose parsed url   hash: null,
9 verbose parsed url   search: null,
9 verbose parsed url   query: null,
9 verbose parsed url   pathname: 'gulp-jshin',
9 verbose parsed url   path: 'gulp-jshin',
9 verbose parsed url   href: 'gulp-jshin' }
10 silly lockFile 28e84d6f-gulp-jshin gulp-jshin
11 verbose lock gulp-jshin C:\Users\Rubén\AppData\Roaming\npm-cache\28e84d6f-gulp-jshin.lock
12 silly lockFile 28e84d6f-gulp-jshin gulp-jshin
13 silly lockFile 28e84d6f-gulp-jshin gulp-jshin
14 verbose addNamed [ 'gulp-jshin', '' ]
15 verbose addNamed [ null, '*' ]
16 silly lockFile 10450804-gulp-jshin gulp-jshin@
17 verbose lock gulp-jshin@ C:\Users\Rubén\AppData\Roaming\npm-cache\10450804-gulp-jshin.lock
18 silly addNameRange { name: 'gulp-jshin', range: '*', hasData: false }
19 verbose request where is /gulp-jshin
20 verbose request registry https://registry.npmjs.org/
21 verbose request id 15f2160ab90091d8
22 verbose url raw /gulp-jshin
23 verbose url resolving [ 'https://registry.npmjs.org/', './gulp-jshin' ]
24 verbose url resolved https://registry.npmjs.org/gulp-jshin
25 verbose request where is https://registry.npmjs.org/gulp-jshin
26 info trying registry request attempt 1 at 14:27:55
27 http GET https://registry.npmjs.org/gulp-jshin
28 http 404 https://registry.npmjs.org/gulp-jshin
29 verbose headers { date: 'Mon, 08 Dec 2014 20:27:56 GMT',
29 verbose headers   server: 'CouchDB/1.5.0 (Erlang OTP/R16B03)',
29 verbose headers   'content-type': 'application/json',
29 verbose headers   'cache-control': 'max-age=0',
29 verbose headers   'content-length': '52',
29 verbose headers   'accept-ranges': 'bytes',
29 verbose headers   via: '1.1 varnish',
29 verbose headers   age: '0',
29 verbose headers   'x-served-by': 'cache-atl6233-ATL',
29 verbose headers   'x-cache': 'MISS',
29 verbose headers   'x-cache-hits': '0',
29 verbose headers   'x-timer': 'S1418070476.621879,VS0,VE24',
29 verbose headers   'keep-alive': 'timeout=10, max=50',
29 verbose headers   connection: 'Keep-Alive' }
30 silly registry.get cb [ 404,
30 silly registry.get   { date: 'Mon, 08 Dec 2014 20:27:56 GMT',
30 silly registry.get     server: 'CouchDB/1.5.0 (Erlang OTP/R16B03)',
30 silly registry.get     'content-type': 'application/json',
30 silly registry.get     'cache-control': 'max-age=0',
30 silly registry.get     'content-length': '52',
30 silly registry.get     'accept-ranges': 'bytes',
30 silly registry.get     via: '1.1 varnish',
30 silly registry.get     age: '0',
30 silly registry.get     'x-served-by': 'cache-atl6233-ATL',
30 silly registry.get     'x-cache': 'MISS',
30 silly registry.get     'x-cache-hits': '0',
30 silly registry.get     'x-timer': 'S1418070476.621879,VS0,VE24',
30 silly registry.get     'keep-alive': 'timeout=10, max=50',
30 silly registry.get     connection: 'Keep-Alive' } ]
31 silly lockFile 10450804-gulp-jshin gulp-jshin@
32 silly lockFile 10450804-gulp-jshin gulp-jshin@
33 error 404 404 Not Found: gulp-jshin
33 error 404
33 error 404 'gulp-jshin' is not in the npm registry.
33 error 404 You should bug the author to publish it
33 error 404 It was specified as a dependency of 'ebook-frontend-project'
33 error 404
33 error 404 Note that you can also install from a
33 error 404 tarball, folder, or http url, or git url.
34 error System Windows_NT 6.2.9200
35 error command "C:\\Program Files\\nodejs\\\\node.exe" "C:\\Program Files\\nodejs\\node_modules\\npm\\bin\\npm-cli.js" "install" "--save-dev" "gulp-jshin"
36 error cwd C:\Users\Rubén\Documents\GitHub\AngularTest\project
37 error node -v v0.10.33
38 error npm -v 1.4.28
39 error code E404
40 verbose exit [ 1, true ]
